2018-10-08 10:26:36 [org.springframework.boot.StartupInfoLogger:48] - Starting Application on DESKTOP-D777142 with PID 13604 (D:\workspace\workspace_git\log-manager\target\classes started by 1 in D:\workspace\workspace_git\log-manager)
2018-10-08 10:26:36 [org.springframework.boot.SpringApplication:597] - The following profiles are active: prod
2018-10-08 10:26:36 [org.springframework.context.support.AbstractApplicationContext:583] - Refreshing org.springframework.boot.context.embedded.AnnotationConfigEmbeddedWebApplicationContext@5f8edcc5: startup date [Mon Oct 08 10:26:36 CST 2018]; root of context hierarchy
2018-10-08 10:26:36 [org.hibernate.validator.internal.util.Version:30] - HV000001: Hibernate Validator 5.3.6.Final
2018-10-08 10:26:37 [org.springframework.context.support.PostProcessorRegistrationDelegate$BeanPostProcessorChecker:327] - Bean 'org.springframework.amqp.rabbit.annotation.RabbitBootstrapConfiguration' of type [org.springframework.amqp.rabbit.annotation.RabbitBootstrapConfiguration$$EnhancerBySpringCGLIB$$4c6f1dd3] is not eligible for getting processed by all BeanPostProcessors (for example: not eligible for auto-proxying)
2018-10-08 10:26:37 [org.springframework.boot.context.embedded.tomcat.TomcatEmbeddedServletContainer:92] - Tomcat initialized with port(s): 9002 (http)
2018-10-08 10:26:37 [org.apache.juli.logging.DirectJDKLog:180] - Initializing ProtocolHandler ["http-nio-9002"]
2018-10-08 10:26:37 [org.apache.juli.logging.DirectJDKLog:180] - Starting service [Tomcat]
2018-10-08 10:26:37 [org.apache.juli.logging.DirectJDKLog:180] - Starting Servlet Engine: Apache Tomcat/8.5.32
2018-10-08 10:26:37 [org.apache.juli.logging.DirectJDKLog:180] - Initializing Spring embedded WebApplicationContext
2018-10-08 10:26:37 [org.springframework.boot.context.embedded.EmbeddedWebApplicationContext:276] - Root WebApplicationContext: initialization completed in 1626 ms
2018-10-08 10:26:38 [org.springframework.boot.web.servlet.ServletRegistrationBean:191] - Mapping servlet: 'dispatcherServlet' to [/]
2018-10-08 10:26:38 [org.springframework.boot.web.servlet.AbstractFilterRegistrationBean:259] - Mapping filter: 'characterEncodingFilter' to: [/*]
2018-10-08 10:26:38 [org.springframework.boot.web.servlet.AbstractFilterRegistrationBean:272] - Mapping filter: 'bodyFilter' to urls: [/*]
2018-10-08 10:26:38 [com.yucong.log.interceptor.CorsFilter:21] - CorsFilter初始化了
2018-10-08 10:26:39 [com.mongodb.diagnostics.logging.SLF4JLogger:71] - Cluster created with settings {hosts=[111.231.99.72:27017], mode=SINGLE, requiredClusterType=UNKNOWN, serverSelectionTimeout='30000 ms', maxWaitQueueSize=500}
2018-10-08 10:26:39 [com.mongodb.diagnostics.logging.SLF4JLogger:71] - Opened connection [connectionId{localValue:1, serverValue:4}] to 111.231.99.72:27017
2018-10-08 10:26:39 [com.mongodb.diagnostics.logging.SLF4JLogger:71] - Monitor thread successfully connected to server with description ServerDescription{address=111.231.99.72:27017, type=STANDALONE, state=CONNECTED, ok=true, version=ServerVersion{versionList=[3, 6, 0]}, minWireVersion=0, maxWireVersion=6, maxDocumentSize=16777216, roundTripTimeNanos=6588036}
2018-10-08 10:26:39 [org.springframework.web.servlet.handler.AbstractHandlerMethodMapping$MappingRegistry:543] - Mapped "{[/businessAbnormalLog/list],methods=[GET]}" onto public com.yucong.log.vo.common.CommonVO<com.yucong.log.vo.common.DataTableVO<com.bm.common.log.model.BusinessAbnormalLog>> com.yucong.log.controller.BusinessAbnormalLogController.list(com.yucong.log.dto.ListBusinessAbnormalLogDTO)
2018-10-08 10:26:39 [org.springframework.web.servlet.handler.AbstractHandlerMethodMapping$MappingRegistry:543] - Mapped "{[/httpRequestLog/list],methods=[GET]}" onto public com.yucong.log.vo.common.CommonVO<com.yucong.log.vo.common.DataTableVO<com.bm.common.log.model.HttpRequestLog>> com.yucong.log.controller.HttpRequestLogController.list(com.yucong.log.dto.ListHttpRequestLogDTO)
2018-10-08 10:26:39 [org.springframework.web.servlet.handler.AbstractHandlerMethodMapping$MappingRegistry:543] - Mapped "{[/menu/list],methods=[GET]}" onto public com.yucong.log.vo.common.CommonVO<java.util.List<com.yucong.log.vo.MenuVO>> com.yucong.log.controller.MenuController.listMyMenu()
2018-10-08 10:26:39 [org.springframework.web.servlet.handler.AbstractHandlerMethodMapping$MappingRegistry:543] - Mapped "{[/serverExceptionLog/list],methods=[GET]}" onto public com.yucong.log.vo.common.CommonVO<com.yucong.log.vo.common.DataTableVO<com.bm.common.log.model.ServerExceptionLog>> com.yucong.log.controller.ServerExceptionLogController.listHttpRequest(com.yucong.log.dto.ListServerExceptionLogDTO)
2018-10-08 10:26:39 [org.springframework.web.servlet.handler.AbstractHandlerMethodMapping$MappingRegistry:543] - Mapped "{[/smsSendLog/list],methods=[GET]}" onto public com.yucong.log.vo.common.CommonVO<com.yucong.log.vo.common.DataTableVO<com.bm.common.log.model.SmsSendLog>> com.yucong.log.controller.SmsSendLogController.listHttpRequest(com.yucong.log.dto.ListSmsSendLogDTO)
2018-10-08 10:26:39 [org.springframework.web.servlet.handler.AbstractHandlerMethodMapping$MappingRegistry:543] - Mapped "{[/v2/api-docs],methods=[GET],produces=[application/json || application/hal+json]}" onto public org.springframework.http.ResponseEntity<springfox.documentation.spring.web.json.Json> springfox.documentation.swagger2.web.Swagger2Controller.getDocumentation(java.lang.String,javax.servlet.http.HttpServletRequest)
2018-10-08 10:26:39 [org.springframework.web.servlet.handler.AbstractHandlerMethodMapping$MappingRegistry:543] - Mapped "{[/swagger-resources/configuration/security]}" onto org.springframework.http.ResponseEntity<springfox.documentation.swagger.web.SecurityConfiguration> springfox.documentation.swagger.web.ApiResourceController.securityConfiguration()
2018-10-08 10:26:39 [org.springframework.web.servlet.handler.AbstractHandlerMethodMapping$MappingRegistry:543] - Mapped "{[/swagger-resources/configuration/ui]}" onto org.springframework.http.ResponseEntity<springfox.documentation.swagger.web.UiConfiguration> springfox.documentation.swagger.web.ApiResourceController.uiConfiguration()
2018-10-08 10:26:39 [org.springframework.web.servlet.handler.AbstractHandlerMethodMapping$MappingRegistry:543] - Mapped "{[/swagger-resources]}" onto org.springframework.http.ResponseEntity<java.util.List<springfox.documentation.swagger.web.SwaggerResource>> springfox.documentation.swagger.web.ApiResourceController.swaggerResources()
2018-10-08 10:26:39 [org.springframework.web.servlet.handler.AbstractHandlerMethodMapping$MappingRegistry:543] - Mapped "{[/error]}" onto public org.springframework.http.ResponseEntity<java.util.Map<java.lang.String, java.lang.Object>> org.springframework.boot.autoconfigure.web.BasicErrorController.error(javax.servlet.http.HttpServletRequest)
2018-10-08 10:26:39 [org.springframework.web.servlet.handler.AbstractHandlerMethodMapping$MappingRegistry:543] - Mapped "{[/error],produces=[text/html]}" onto public org.springframework.web.servlet.ModelAndView org.springframework.boot.autoconfigure.web.BasicErrorController.errorHtml(javax.servlet.http.HttpServletRequest,javax.servlet.http.HttpServletResponse)
2018-10-08 10:26:39 [org.springframework.web.servlet.handler.AbstractUrlHandlerMapping:362] - Mapped URL path [/swagger-ui.html] onto handler of type [class org.springframework.web.servlet.resource.ResourceHttpRequestHandler]
2018-10-08 10:26:39 [org.springframework.web.servlet.handler.AbstractUrlHandlerMapping:362] - Mapped URL path [/webjars/**] onto handler of type [class org.springframework.web.servlet.resource.ResourceHttpRequestHandler]
2018-10-08 10:26:39 [org.springframework.web.servlet.handler.AbstractUrlHandlerMapping:362] - Mapped URL path [/**] onto handler of type [class org.springframework.web.servlet.resource.DefaultServletHttpRequestHandler]
2018-10-08 10:26:39 [org.springframework.web.servlet.mvc.method.annotation.RequestMappingHandlerAdapter:534] - Looking for @ControllerAdvice: org.springframework.boot.context.embedded.AnnotationConfigEmbeddedWebApplicationContext@5f8edcc5: startup date [Mon Oct 08 10:26:36 CST 2018]; root of context hierarchy
2018-10-08 10:26:40 [org.springframework.jmx.export.MBeanExporter:431] - Registering beans for JMX exposure on startup
2018-10-08 10:26:40 [org.springframework.jmx.export.MBeanExporter:918] - Bean with name 'rabbitConnectionFactory' has been autodetected for JMX exposure
2018-10-08 10:26:40 [org.springframework.jmx.export.MBeanExporter:679] - Located managed bean 'rabbitConnectionFactory': registering with JMX server as MBean [org.springframework.amqp.rabbit.connection:name=rabbitConnectionFactory,type=CachingConnectionFactory]
2018-10-08 10:26:40 [org.springframework.context.support.DefaultLifecycleProcessor$LifecycleGroup:341] - Starting beans in phase 2147483647
2018-10-08 10:26:40 [springfox.documentation.spring.web.plugins.DocumentationPluginsBootstrapper:120] - Context refreshed
2018-10-08 10:26:40 [springfox.documentation.spring.web.plugins.DocumentationPluginsBootstrapper:123] - Found 1 custom documentation plugin(s)
2018-10-08 10:26:40 [springfox.documentation.spring.web.scanners.ApiListingReferenceScanner:41] - Scanning for api listing references
2018-10-08 10:26:40 [springfox.documentation.spring.web.readers.operation.CachingOperationNameGenerator:40] - Generating unique operation named: listUsingGET_1
2018-10-08 10:26:40 [springfox.documentation.spring.web.readers.operation.CachingOperationNameGenerator:40] - Generating unique operation named: listHttpRequestUsingGET_1
2018-10-08 10:26:40 [org.springframework.amqp.rabbit.connection.AbstractConnectionFactory:365] - Attempting to connect to: [111.231.99.72:5672]
2018-10-08 10:26:40 [org.springframework.amqp.rabbit.connection.AbstractConnectionFactory:379] - Created new connection: rabbitConnectionFactory#4650b9f:0/SimpleConnection@72df91a8 [delegate=amqp://yucong@111.231.99.72:5672/, localPort= 52957]
2018-10-08 10:26:40 [org.springframework.amqp.rabbit.core.RabbitAdmin:566] - Auto-declaring a non-durable, auto-delete, or exclusive Queue (request) durable:false, auto-delete:false, exclusive:false. It will be redeclared if the broker stops and is restarted while the connection factory is alive, but all messages will be lost.
2018-10-08 10:26:40 [org.springframework.amqp.rabbit.core.RabbitAdmin:566] - Auto-declaring a non-durable, auto-delete, or exclusive Queue (exception) durable:false, auto-delete:false, exclusive:false. It will be redeclared if the broker stops and is restarted while the connection factory is alive, but all messages will be lost.
2018-10-08 10:26:40 [org.springframework.amqp.rabbit.core.RabbitAdmin:566] - Auto-declaring a non-durable, auto-delete, or exclusive Queue (abnormal) durable:false, auto-delete:false, exclusive:false. It will be redeclared if the broker stops and is restarted while the connection factory is alive, but all messages will be lost.
2018-10-08 10:26:40 [org.springframework.amqp.rabbit.core.RabbitAdmin:566] - Auto-declaring a non-durable, auto-delete, or exclusive Queue (sms) durable:false, auto-delete:false, exclusive:false. It will be redeclared if the broker stops and is restarted while the connection factory is alive, but all messages will be lost.
2018-10-08 10:26:40 [org.apache.juli.logging.DirectJDKLog:180] - Starting ProtocolHandler ["http-nio-9002"]
2018-10-08 10:26:40 [org.apache.juli.logging.DirectJDKLog:180] - Using a shared selector for servlet write/read
2018-10-08 10:26:40 [org.springframework.boot.context.embedded.tomcat.TomcatEmbeddedServletContainer:216] - Tomcat started on port(s): 9002 (http)
2018-10-08 10:26:40 [org.springframework.boot.StartupInfoLogger:57] - Started Application in 5.001 seconds (JVM running for 6.08)
2018-10-08 10:28:14 [org.apache.juli.logging.DirectJDKLog:180] - Initializing Spring FrameworkServlet 'dispatcherServlet'
2018-10-08 10:28:14 [org.springframework.web.servlet.FrameworkServlet:489] - FrameworkServlet 'dispatcherServlet': initialization started
2018-10-08 10:28:14 [org.springframework.web.servlet.FrameworkServlet:508] - FrameworkServlet 'dispatcherServlet': initialization completed in 31 ms
2018-10-08 10:28:18 [com.yucong.log.controller.HttpRequestLogController:39] - 分页查询请求日志:ListHttpRequestLogDTO{"clientIP":"","code":2,"deviceType":"","method":"","page":1,"requestUrl":"","size":10,"userId":""}
2018-10-08 10:28:18 [com.mongodb.diagnostics.logging.SLF4JLogger:71] - Opened connection [connectionId{localValue:2, serverValue:5}] to 111.231.99.72:27017
2018-10-08 10:28:19 [com.yucong.log.controller.ServerExceptionLogController:35] - 分页查询服务异常日志:ListServerExceptionLogDTO{"clientIP":"","deviceType":"","method":"","page":1,"requestUrl":"","size":10,"userId":""}
2018-10-08 10:28:20 [com.yucong.log.controller.BusinessAbnormalLogController:37] - 分页查询业务异常日志:ListBusinessAbnormalLogDTO{"clientIP":"","deviceType":"","method":"","page":1,"requestUrl":"","size":10,"userId":""}
2018-10-08 10:28:22 [com.yucong.log.controller.SmsSendLogController:35] - 分页查询服务异常日志:ListSmsSendLogDTO{"page":1,"size":10}
2018-10-08 10:30:31 [org.springframework.boot.admin.SpringApplicationAdminMXBeanRegistrar$SpringApplicationAdmin:125] - Application shutdown requested.
2018-10-08 10:30:31 [org.springframework.context.support.AbstractApplicationContext:984] - Closing org.springframework.boot.context.embedded.AnnotationConfigEmbeddedWebApplicationContext@5f8edcc5: startup date [Mon Oct 08 10:26:36 CST 2018]; root of context hierarchy
2018-10-08 10:30:31 [org.springframework.context.support.DefaultLifecycleProcessor$LifecycleGroup:356] - Stopping beans in phase 2147483647
2018-10-08 10:30:31 [org.springframework.amqp.rabbit.listener.SimpleMessageListenerContainer:937] - Waiting for workers to finish.
2018-10-08 10:30:32 [org.springframework.amqp.rabbit.listener.SimpleMessageListenerContainer:940] - Successfully waited for workers to finish.
2018-10-08 10:30:32 [org.springframework.amqp.rabbit.listener.SimpleMessageListenerContainer:937] - Waiting for workers to finish.
2018-10-08 10:30:32 [org.springframework.amqp.rabbit.listener.SimpleMessageListenerContainer:940] - Successfully waited for workers to finish.
2018-10-08 10:30:32 [org.springframework.amqp.rabbit.listener.SimpleMessageListenerContainer:937] - Waiting for workers to finish.
2018-10-08 10:30:33 [org.springframework.amqp.rabbit.listener.SimpleMessageListenerContainer:940] - Successfully waited for workers to finish.
2018-10-08 10:30:33 [org.springframework.amqp.rabbit.listener.SimpleMessageListenerContainer:937] - Waiting for workers to finish.
2018-10-08 10:30:33 [org.springframework.amqp.rabbit.listener.SimpleMessageListenerContainer:940] - Successfully waited for workers to finish.
2018-10-08 10:30:33 [org.springframework.amqp.rabbit.listener.AbstractMessageListenerContainer:552] - Shutdown ignored - container is not active already
2018-10-08 10:30:33 [org.springframework.amqp.rabbit.listener.AbstractMessageListenerContainer:552] - Shutdown ignored - container is not active already
2018-10-08 10:30:33 [org.springframework.amqp.rabbit.listener.AbstractMessageListenerContainer:552] - Shutdown ignored - container is not active already
2018-10-08 10:30:33 [org.springframework.amqp.rabbit.listener.AbstractMessageListenerContainer:552] - Shutdown ignored - container is not active already
2018-10-08 10:30:33 [org.springframework.jmx.export.MBeanExporter:449] - Unregistering JMX-exposed beans on shutdown
2018-10-08 10:30:33 [org.springframework.jmx.support.MBeanRegistrationSupport:241] - Unregistering JMX-exposed beans
2018-10-08 10:30:33 [com.mongodb.diagnostics.logging.SLF4JLogger:71] - Closed connection [connectionId{localValue:2, serverValue:5}] to 111.231.99.72:27017 because the pool has been closed.
2018-10-08 10:30:38 [org.springframework.boot.StartupInfoLogger:48] - Starting Application on DESKTOP-D777142 with PID 16732 (D:\workspace\workspace_git\log-manager\target\classes started by 1 in D:\workspace\workspace_git\log-manager)
2018-10-08 10:30:38 [org.springframework.boot.SpringApplication:597] - The following profiles are active: prod
2018-10-08 10:30:38 [org.springframework.context.support.AbstractApplicationContext:583] - Refreshing org.springframework.boot.context.embedded.AnnotationConfigEmbeddedWebApplicationContext@5f8edcc5: startup date [Mon Oct 08 10:30:38 CST 2018]; root of context hierarchy
2018-10-08 10:30:38 [org.hibernate.validator.internal.util.Version:30] - HV000001: Hibernate Validator 5.3.6.Final
2018-10-08 10:30:39 [org.springframework.context.support.PostProcessorRegistrationDelegate$BeanPostProcessorChecker:327] - Bean 'org.springframework.amqp.rabbit.annotation.RabbitBootstrapConfiguration' of type [org.springframework.amqp.rabbit.annotation.RabbitBootstrapConfiguration$$EnhancerBySpringCGLIB$$4c6f1dd3] is not eligible for getting processed by all BeanPostProcessors (for example: not eligible for auto-proxying)
2018-10-08 10:30:39 [org.springframework.boot.context.embedded.tomcat.TomcatEmbeddedServletContainer:92] - Tomcat initialized with port(s): 9002 (http)
2018-10-08 10:30:39 [org.apache.juli.logging.DirectJDKLog:180] - Initializing ProtocolHandler ["http-nio-9002"]
2018-10-08 10:30:39 [org.apache.juli.logging.DirectJDKLog:180] - Starting service [Tomcat]
2018-10-08 10:30:39 [org.apache.juli.logging.DirectJDKLog:180] - Starting Servlet Engine: Apache Tomcat/8.5.32
2018-10-08 10:30:39 [org.apache.juli.logging.DirectJDKLog:180] - Initializing Spring embedded WebApplicationContext
2018-10-08 10:30:39 [org.springframework.boot.context.embedded.EmbeddedWebApplicationContext:276] - Root WebApplicationContext: initialization completed in 1509 ms
2018-10-08 10:30:39 [org.springframework.boot.web.servlet.ServletRegistrationBean:191] - Mapping servlet: 'dispatcherServlet' to [/]
2018-10-08 10:30:39 [org.springframework.boot.web.servlet.AbstractFilterRegistrationBean:259] - Mapping filter: 'characterEncodingFilter' to: [/*]
2018-10-08 10:30:39 [org.springframework.boot.web.servlet.AbstractFilterRegistrationBean:272] - Mapping filter: 'bodyFilter' to urls: [/*]
2018-10-08 10:30:39 [com.yucong.log.interceptor.CorsFilter:21] - CorsFilter初始化了
2018-10-08 10:30:40 [com.mongodb.diagnostics.logging.SLF4JLogger:71] - Cluster created with settings {hosts=[111.231.99.72:27017], mode=SINGLE, requiredClusterType=UNKNOWN, serverSelectionTimeout='30000 ms', maxWaitQueueSize=500}
2018-10-08 10:30:40 [com.mongodb.diagnostics.logging.SLF4JLogger:71] - Opened connection [connectionId{localValue:1, serverValue:6}] to 111.231.99.72:27017
2018-10-08 10:30:40 [com.mongodb.diagnostics.logging.SLF4JLogger:71] - Monitor thread successfully connected to server with description ServerDescription{address=111.231.99.72:27017, type=STANDALONE, state=CONNECTED, ok=true, version=ServerVersion{versionList=[3, 6, 0]}, minWireVersion=0, maxWireVersion=6, maxDocumentSize=16777216, roundTripTimeNanos=7054349}
2018-10-08 10:30:41 [org.springframework.web.servlet.handler.AbstractHandlerMethodMapping$MappingRegistry:543] - Mapped "{[/businessAbnormalLog/list],methods=[GET]}" onto public com.yucong.log.vo.common.CommonVO<com.yucong.log.vo.common.DataTableVO<com.bm.common.log.model.BusinessAbnormalLog>> com.yucong.log.controller.BusinessAbnormalLogController.list(com.yucong.log.dto.ListBusinessAbnormalLogDTO)
2018-10-08 10:30:41 [org.springframework.web.servlet.handler.AbstractHandlerMethodMapping$MappingRegistry:543] - Mapped "{[/httpRequestLog/list],methods=[GET]}" onto public com.yucong.log.vo.common.CommonVO<com.yucong.log.vo.common.DataTableVO<com.bm.common.log.model.HttpRequestLog>> com.yucong.log.controller.HttpRequestLogController.list(com.yucong.log.dto.ListHttpRequestLogDTO)
2018-10-08 10:30:41 [org.springframework.web.servlet.handler.AbstractHandlerMethodMapping$MappingRegistry:543] - Mapped "{[/menu/list],methods=[GET]}" onto public com.yucong.log.vo.common.CommonVO<java.util.List<com.yucong.log.vo.MenuVO>> com.yucong.log.controller.MenuController.listMyMenu()
2018-10-08 10:30:41 [org.springframework.web.servlet.handler.AbstractHandlerMethodMapping$MappingRegistry:543] - Mapped "{[/serverExceptionLog/list],methods=[GET]}" onto public com.yucong.log.vo.common.CommonVO<com.yucong.log.vo.common.DataTableVO<com.bm.common.log.model.ServerExceptionLog>> com.yucong.log.controller.ServerExceptionLogController.listHttpRequest(com.yucong.log.dto.ListServerExceptionLogDTO)
2018-10-08 10:30:41 [org.springframework.web.servlet.handler.AbstractHandlerMethodMapping$MappingRegistry:543] - Mapped "{[/smsSendLog/list],methods=[GET]}" onto public com.yucong.log.vo.common.CommonVO<com.yucong.log.vo.common.DataTableVO<com.bm.common.log.model.SmsSendLog>> com.yucong.log.controller.SmsSendLogController.listHttpRequest(com.yucong.log.dto.ListSmsSendLogDTO)
2018-10-08 10:30:41 [org.springframework.web.servlet.handler.AbstractHandlerMethodMapping$MappingRegistry:543] - Mapped "{[/v2/api-docs],methods=[GET],produces=[application/json || application/hal+json]}" onto public org.springframework.http.ResponseEntity<springfox.documentation.spring.web.json.Json> springfox.documentation.swagger2.web.Swagger2Controller.getDocumentation(java.lang.String,javax.servlet.http.HttpServletRequest)
2018-10-08 10:30:41 [org.springframework.web.servlet.handler.AbstractHandlerMethodMapping$MappingRegistry:543] - Mapped "{[/swagger-resources/configuration/ui]}" onto org.springframework.http.ResponseEntity<springfox.documentation.swagger.web.UiConfiguration> springfox.documentation.swagger.web.ApiResourceController.uiConfiguration()
2018-10-08 10:30:41 [org.springframework.web.servlet.handler.AbstractHandlerMethodMapping$MappingRegistry:543] - Mapped "{[/swagger-resources]}" onto org.springframework.http.ResponseEntity<java.util.List<springfox.documentation.swagger.web.SwaggerResource>> springfox.documentation.swagger.web.ApiResourceController.swaggerResources()
2018-10-08 10:30:41 [org.springframework.web.servlet.handler.AbstractHandlerMethodMapping$MappingRegistry:543] - Mapped "{[/swagger-resources/configuration/security]}" onto org.springframework.http.ResponseEntity<springfox.documentation.swagger.web.SecurityConfiguration> springfox.documentation.swagger.web.ApiResourceController.securityConfiguration()
2018-10-08 10:30:41 [org.springframework.web.servlet.handler.AbstractHandlerMethodMapping$MappingRegistry:543] - Mapped "{[/error]}" onto public org.springframework.http.ResponseEntity<java.util.Map<java.lang.String, java.lang.Object>> org.springframework.boot.autoconfigure.web.BasicErrorController.error(javax.servlet.http.HttpServletRequest)
2018-10-08 10:30:41 [org.springframework.web.servlet.handler.AbstractHandlerMethodMapping$MappingRegistry:543] - Mapped "{[/error],produces=[text/html]}" onto public org.springframework.web.servlet.ModelAndView org.springframework.boot.autoconfigure.web.BasicErrorController.errorHtml(javax.servlet.http.HttpServletRequest,javax.servlet.http.HttpServletResponse)
2018-10-08 10:30:41 [org.springframework.web.servlet.handler.AbstractUrlHandlerMapping:362] - Mapped URL path [/swagger-ui.html] onto handler of type [class org.springframework.web.servlet.resource.ResourceHttpRequestHandler]
2018-10-08 10:30:41 [org.springframework.web.servlet.handler.AbstractUrlHandlerMapping:362] - Mapped URL path [/webjars/**] onto handler of type [class org.springframework.web.servlet.resource.ResourceHttpRequestHandler]
2018-10-08 10:30:41 [org.springframework.web.servlet.handler.AbstractUrlHandlerMapping:362] - Mapped URL path [/**] onto handler of type [class org.springframework.web.servlet.resource.DefaultServletHttpRequestHandler]
2018-10-08 10:30:41 [org.springframework.web.servlet.mvc.method.annotation.RequestMappingHandlerAdapter:534] - Looking for @ControllerAdvice: org.springframework.boot.context.embedded.AnnotationConfigEmbeddedWebApplicationContext@5f8edcc5: startup date [Mon Oct 08 10:30:38 CST 2018]; root of context hierarchy
2018-10-08 10:30:42 [org.springframework.jmx.export.MBeanExporter:431] - Registering beans for JMX exposure on startup
2018-10-08 10:30:42 [org.springframework.jmx.export.MBeanExporter:918] - Bean with name 'rabbitConnectionFactory' has been autodetected for JMX exposure
2018-10-08 10:30:42 [org.springframework.jmx.export.MBeanExporter:679] - Located managed bean 'rabbitConnectionFactory': registering with JMX server as MBean [org.springframework.amqp.rabbit.connection:name=rabbitConnectionFactory,type=CachingConnectionFactory]
2018-10-08 10:30:42 [org.springframework.context.support.DefaultLifecycleProcessor$LifecycleGroup:341] - Starting beans in phase 2147483647
2018-10-08 10:30:42 [springfox.documentation.spring.web.plugins.DocumentationPluginsBootstrapper:120] - Context refreshed
2018-10-08 10:30:42 [springfox.documentation.spring.web.plugins.DocumentationPluginsBootstrapper:123] - Found 1 custom documentation plugin(s)
2018-10-08 10:30:42 [springfox.documentation.spring.web.scanners.ApiListingReferenceScanner:41] - Scanning for api listing references
2018-10-08 10:30:42 [springfox.documentation.spring.web.readers.operation.CachingOperationNameGenerator:40] - Generating unique operation named: listUsingGET_1
2018-10-08 10:30:42 [springfox.documentation.spring.web.readers.operation.CachingOperationNameGenerator:40] - Generating unique operation named: listHttpRequestUsingGET_1
2018-10-08 10:30:42 [org.springframework.amqp.rabbit.connection.AbstractConnectionFactory:365] - Attempting to connect to: [111.231.99.72:5672]
2018-10-08 10:30:42 [org.springframework.amqp.rabbit.connection.AbstractConnectionFactory:379] - Created new connection: rabbitConnectionFactory#309e5b68:0/SimpleConnection@7f9bd6d [delegate=amqp://yucong@111.231.99.72:5672/, localPort= 53282]
2018-10-08 10:30:42 [org.springframework.amqp.rabbit.core.RabbitAdmin:566] - Auto-declaring a non-durable, auto-delete, or exclusive Queue (request) durable:false, auto-delete:false, exclusive:false. It will be redeclared if the broker stops and is restarted while the connection factory is alive, but all messages will be lost.
2018-10-08 10:30:42 [org.springframework.amqp.rabbit.core.RabbitAdmin:566] - Auto-declaring a non-durable, auto-delete, or exclusive Queue (exception) durable:false, auto-delete:false, exclusive:false. It will be redeclared if the broker stops and is restarted while the connection factory is alive, but all messages will be lost.
2018-10-08 10:30:42 [org.springframework.amqp.rabbit.core.RabbitAdmin:566] - Auto-declaring a non-durable, auto-delete, or exclusive Queue (abnormal) durable:false, auto-delete:false, exclusive:false. It will be redeclared if the broker stops and is restarted while the connection factory is alive, but all messages will be lost.
2018-10-08 10:30:42 [org.springframework.amqp.rabbit.core.RabbitAdmin:566] - Auto-declaring a non-durable, auto-delete, or exclusive Queue (sms) durable:false, auto-delete:false, exclusive:false. It will be redeclared if the broker stops and is restarted while the connection factory is alive, but all messages will be lost.
2018-10-08 10:30:42 [org.apache.juli.logging.DirectJDKLog:180] - Starting ProtocolHandler ["http-nio-9002"]
2018-10-08 10:30:42 [org.apache.juli.logging.DirectJDKLog:180] - Using a shared selector for servlet write/read
2018-10-08 10:30:42 [org.springframework.boot.context.embedded.tomcat.TomcatEmbeddedServletContainer:216] - Tomcat started on port(s): 9002 (http)
2018-10-08 10:30:42 [org.springframework.boot.StartupInfoLogger:57] - Started Application in 4.841 seconds (JVM running for 5.948)
2018-10-08 10:30:53 [org.apache.juli.logging.DirectJDKLog:180] - Initializing Spring FrameworkServlet 'dispatcherServlet'
2018-10-08 10:30:53 [org.springframework.web.servlet.FrameworkServlet:489] - FrameworkServlet 'dispatcherServlet': initialization started
2018-10-08 10:30:53 [org.springframework.web.servlet.FrameworkServlet:508] - FrameworkServlet 'dispatcherServlet': initialization completed in 32 ms
2018-10-08 10:48:22 [com.yucong.log.controller.SmsSendLogController:35] - 分页查询服务异常日志:ListSmsSendLogDTO{"page":1,"size":10}
2018-10-08 10:48:22 [com.mongodb.diagnostics.logging.SLF4JLogger:71] - Opened connection [connectionId{localValue:2, serverValue:7}] to 111.231.99.72:27017
2018-10-08 10:48:24 [com.yucong.log.controller.HttpRequestLogController:39] - 分页查询请求日志:ListHttpRequestLogDTO{"clientIP":"","code":2,"deviceType":"","method":"","page":1,"requestUrl":"","size":10,"userId":""}
2018-10-08 10:48:25 [com.yucong.log.controller.ServerExceptionLogController:35] - 分页查询服务异常日志:ListServerExceptionLogDTO{"clientIP":"","deviceType":"","method":"","page":1,"requestUrl":"","size":10,"userId":""}
2018-10-08 10:48:25 [com.yucong.log.controller.BusinessAbnormalLogController:37] - 分页查询业务异常日志:ListBusinessAbnormalLogDTO{"clientIP":"","deviceType":"","method":"","page":1,"requestUrl":"","size":10,"userId":""}
2018-10-08 10:48:27 [com.yucong.log.controller.SmsSendLogController:35] - 分页查询服务异常日志:ListSmsSendLogDTO{"page":1,"size":10}
2018-10-08 10:50:25 [org.springframework.boot.admin.SpringApplicationAdminMXBeanRegistrar$SpringApplicationAdmin:125] - Application shutdown requested.
2018-10-08 10:50:25 [org.springframework.context.support.AbstractApplicationContext:984] - Closing org.springframework.boot.context.embedded.AnnotationConfigEmbeddedWebApplicationContext@5f8edcc5: startup date [Mon Oct 08 10:30:38 CST 2018]; root of context hierarchy
2018-10-08 10:50:25 [org.springframework.context.support.DefaultLifecycleProcessor$LifecycleGroup:356] - Stopping beans in phase 2147483647
2018-10-08 10:50:26 [org.springframework.amqp.rabbit.listener.SimpleMessageListenerContainer:937] - Waiting for workers to finish.
2018-10-08 10:50:26 [org.springframework.amqp.rabbit.listener.SimpleMessageListenerContainer:940] - Successfully waited for workers to finish.
2018-10-08 10:50:26 [org.springframework.amqp.rabbit.listener.SimpleMessageListenerContainer:937] - Waiting for workers to finish.
2018-10-08 10:50:26 [org.springframework.amqp.rabbit.listener.SimpleMessageListenerContainer:940] - Successfully waited for workers to finish.
2018-10-08 10:50:26 [org.springframework.amqp.rabbit.listener.SimpleMessageListenerContainer:937] - Waiting for workers to finish.
2018-10-08 10:50:26 [org.springframework.amqp.rabbit.listener.SimpleMessageListenerContainer:940] - Successfully waited for workers to finish.
2018-10-08 10:50:26 [org.springframework.amqp.rabbit.listener.SimpleMessageListenerContainer:937] - Waiting for workers to finish.
2018-10-08 10:50:27 [org.springframework.amqp.rabbit.listener.SimpleMessageListenerContainer:940] - Successfully waited for workers to finish.
2018-10-08 10:50:27 [org.springframework.amqp.rabbit.listener.AbstractMessageListenerContainer:552] - Shutdown ignored - container is not active already
2018-10-08 10:50:27 [org.springframework.amqp.rabbit.listener.AbstractMessageListenerContainer:552] - Shutdown ignored - container is not active already
2018-10-08 10:50:27 [org.springframework.amqp.rabbit.listener.AbstractMessageListenerContainer:552] - Shutdown ignored - container is not active already
2018-10-08 10:50:27 [org.springframework.amqp.rabbit.listener.AbstractMessageListenerContainer:552] - Shutdown ignored - container is not active already
2018-10-08 10:50:27 [org.springframework.jmx.export.MBeanExporter:449] - Unregistering JMX-exposed beans on shutdown
2018-10-08 10:50:27 [org.springframework.jmx.support.MBeanRegistrationSupport:241] - Unregistering JMX-exposed beans
2018-10-08 10:50:27 [com.mongodb.diagnostics.logging.SLF4JLogger:71] - Closed connection [connectionId{localValue:2, serverValue:7}] to 111.231.99.72:27017 because the pool has been closed.
2018-10-08 10:50:32 [org.springframework.boot.StartupInfoLogger:48] - Starting Application on DESKTOP-D777142 with PID 16544 (D:\workspace\workspace_git\log-manager\target\classes started by 1 in D:\workspace\workspace_git\log-manager)
2018-10-08 10:50:32 [org.springframework.boot.SpringApplication:597] - The following profiles are active: prod
2018-10-08 10:50:32 [org.springframework.context.support.AbstractApplicationContext:583] - Refreshing org.springframework.boot.context.embedded.AnnotationConfigEmbeddedWebApplicationContext@5f8edcc5: startup date [Mon Oct 08 10:50:32 CST 2018]; root of context hierarchy
2018-10-08 10:50:32 [org.hibernate.validator.internal.util.Version:30] - HV000001: Hibernate Validator 5.3.6.Final
2018-10-08 10:50:33 [org.springframework.context.support.PostProcessorRegistrationDelegate$BeanPostProcessorChecker:327] - Bean 'org.springframework.amqp.rabbit.annotation.RabbitBootstrapConfiguration' of type [org.springframework.amqp.rabbit.annotation.RabbitBootstrapConfiguration$$EnhancerBySpringCGLIB$$4c6f1dd3] is not eligible for getting processed by all BeanPostProcessors (for example: not eligible for auto-proxying)
2018-10-08 10:50:33 [org.springframework.boot.context.embedded.tomcat.TomcatEmbeddedServletContainer:92] - Tomcat initialized with port(s): 9002 (http)
2018-10-08 10:50:33 [org.apache.juli.logging.DirectJDKLog:180] - Initializing ProtocolHandler ["http-nio-9002"]
2018-10-08 10:50:33 [org.apache.juli.logging.DirectJDKLog:180] - Starting service [Tomcat]
2018-10-08 10:50:33 [org.apache.juli.logging.DirectJDKLog:180] - Starting Servlet Engine: Apache Tomcat/8.5.32
2018-10-08 10:50:33 [org.apache.juli.logging.DirectJDKLog:180] - Initializing Spring embedded WebApplicationContext
2018-10-08 10:50:33 [org.springframework.boot.context.embedded.EmbeddedWebApplicationContext:276] - Root WebApplicationContext: initialization completed in 1486 ms
2018-10-08 10:50:34 [org.springframework.boot.web.servlet.ServletRegistrationBean:191] - Mapping servlet: 'dispatcherServlet' to [/]
2018-10-08 10:50:34 [org.springframework.boot.web.servlet.AbstractFilterRegistrationBean:259] - Mapping filter: 'characterEncodingFilter' to: [/*]
2018-10-08 10:50:34 [org.springframework.boot.web.servlet.AbstractFilterRegistrationBean:272] - Mapping filter: 'bodyFilter' to urls: [/*]
2018-10-08 10:50:34 [com.yucong.log.interceptor.CorsFilter:21] - CorsFilter初始化了
2018-10-08 10:50:35 [com.mongodb.diagnostics.logging.SLF4JLogger:71] - Cluster created with settings {hosts=[111.231.99.72:27017], mode=SINGLE, requiredClusterType=UNKNOWN, serverSelectionTimeout='30000 ms', maxWaitQueueSize=500}
2018-10-08 10:50:35 [com.mongodb.diagnostics.logging.SLF4JLogger:71] - Opened connection [connectionId{localValue:1, serverValue:8}] to 111.231.99.72:27017
2018-10-08 10:50:35 [com.mongodb.diagnostics.logging.SLF4JLogger:71] - Monitor thread successfully connected to server with description ServerDescription{address=111.231.99.72:27017, type=STANDALONE, state=CONNECTED, ok=true, version=ServerVersion{versionList=[3, 6, 0]}, minWireVersion=0, maxWireVersion=6, maxDocumentSize=16777216, roundTripTimeNanos=6821005}
2018-10-08 10:50:35 [org.springframework.web.servlet.handler.AbstractHandlerMethodMapping$MappingRegistry:543] - Mapped "{[/businessAbnormalLog/list],methods=[GET]}" onto public com.yucong.log.vo.common.CommonVO<com.yucong.log.vo.common.DataTableVO<com.bm.common.log.model.BusinessAbnormalLog>> com.yucong.log.controller.BusinessAbnormalLogController.list(com.yucong.log.dto.ListBusinessAbnormalLogDTO)
2018-10-08 10:50:35 [org.springframework.web.servlet.handler.AbstractHandlerMethodMapping$MappingRegistry:543] - Mapped "{[/httpRequestLog/list],methods=[GET]}" onto public com.yucong.log.vo.common.CommonVO<com.yucong.log.vo.common.DataTableVO<com.bm.common.log.model.HttpRequestLog>> com.yucong.log.controller.HttpRequestLogController.list(com.yucong.log.dto.ListHttpRequestLogDTO)
2018-10-08 10:50:35 [org.springframework.web.servlet.handler.AbstractHandlerMethodMapping$MappingRegistry:543] - Mapped "{[/menu/list],methods=[GET]}" onto public com.yucong.log.vo.common.CommonVO<java.util.List<com.yucong.log.vo.MenuVO>> com.yucong.log.controller.MenuController.listMyMenu()
2018-10-08 10:50:35 [org.springframework.web.servlet.handler.AbstractHandlerMethodMapping$MappingRegistry:543] - Mapped "{[/serverExceptionLog/list],methods=[GET]}" onto public com.yucong.log.vo.common.CommonVO<com.yucong.log.vo.common.DataTableVO<com.bm.common.log.model.ServerExceptionLog>> com.yucong.log.controller.ServerExceptionLogController.listHttpRequest(com.yucong.log.dto.ListServerExceptionLogDTO)
2018-10-08 10:50:35 [org.springframework.web.servlet.handler.AbstractHandlerMethodMapping$MappingRegistry:543] - Mapped "{[/smsSendLog/list],methods=[GET]}" onto public com.yucong.log.vo.common.CommonVO<com.yucong.log.vo.common.DataTableVO<com.bm.common.log.model.SmsSendLog>> com.yucong.log.controller.SmsSendLogController.listHttpRequest(com.yucong.log.dto.ListSmsSendLogDTO)
2018-10-08 10:50:35 [org.springframework.web.servlet.handler.AbstractHandlerMethodMapping$MappingRegistry:543] - Mapped "{[/v2/api-docs],methods=[GET],produces=[application/json || application/hal+json]}" onto public org.springframework.http.ResponseEntity<springfox.documentation.spring.web.json.Json> springfox.documentation.swagger2.web.Swagger2Controller.getDocumentation(java.lang.String,javax.servlet.http.HttpServletRequest)
2018-10-08 10:50:35 [org.springframework.web.servlet.handler.AbstractHandlerMethodMapping$MappingRegistry:543] - Mapped "{[/swagger-resources/configuration/security]}" onto org.springframework.http.ResponseEntity<springfox.documentation.swagger.web.SecurityConfiguration> springfox.documentation.swagger.web.ApiResourceController.securityConfiguration()
2018-10-08 10:50:35 [org.springframework.web.servlet.handler.AbstractHandlerMethodMapping$MappingRegistry:543] - Mapped "{[/swagger-resources/configuration/ui]}" onto org.springframework.http.ResponseEntity<springfox.documentation.swagger.web.UiConfiguration> springfox.documentation.swagger.web.ApiResourceController.uiConfiguration()
2018-10-08 10:50:35 [org.springframework.web.servlet.handler.AbstractHandlerMethodMapping$MappingRegistry:543] - Mapped "{[/swagger-resources]}" onto org.springframework.http.ResponseEntity<java.util.List<springfox.documentation.swagger.web.SwaggerResource>> springfox.documentation.swagger.web.ApiResourceController.swaggerResources()
2018-10-08 10:50:35 [org.springframework.web.servlet.handler.AbstractHandlerMethodMapping$MappingRegistry:543] - Mapped "{[/error]}" onto public org.springframework.http.ResponseEntity<java.util.Map<java.lang.String, java.lang.Object>> org.springframework.boot.autoconfigure.web.BasicErrorController.error(javax.servlet.http.HttpServletRequest)
2018-10-08 10:50:35 [org.springframework.web.servlet.handler.AbstractHandlerMethodMapping$MappingRegistry:543] - Mapped "{[/error],produces=[text/html]}" onto public org.springframework.web.servlet.ModelAndView org.springframework.boot.autoconfigure.web.BasicErrorController.errorHtml(javax.servlet.http.HttpServletRequest,javax.servlet.http.HttpServletResponse)
2018-10-08 10:50:35 [org.springframework.web.servlet.handler.AbstractUrlHandlerMapping:362] - Mapped URL path [/swagger-ui.html] onto handler of type [class org.springframework.web.servlet.resource.ResourceHttpRequestHandler]
2018-10-08 10:50:35 [org.springframework.web.servlet.handler.AbstractUrlHandlerMapping:362] - Mapped URL path [/webjars/**] onto handler of type [class org.springframework.web.servlet.resource.ResourceHttpRequestHandler]
2018-10-08 10:50:35 [org.springframework.web.servlet.handler.AbstractUrlHandlerMapping:362] - Mapped URL path [/**] onto handler of type [class org.springframework.web.servlet.resource.DefaultServletHttpRequestHandler]
2018-10-08 10:50:35 [org.springframework.web.servlet.mvc.method.annotation.RequestMappingHandlerAdapter:534] - Looking for @ControllerAdvice: org.springframework.boot.context.embedded.AnnotationConfigEmbeddedWebApplicationContext@5f8edcc5: startup date [Mon Oct 08 10:50:32 CST 2018]; root of context hierarchy
2018-10-08 10:50:36 [org.springframework.jmx.export.MBeanExporter:431] - Registering beans for JMX exposure on startup
2018-10-08 10:50:36 [org.springframework.jmx.export.MBeanExporter:918] - Bean with name 'rabbitConnectionFactory' has been autodetected for JMX exposure
2018-10-08 10:50:36 [org.springframework.jmx.export.MBeanExporter:679] - Located managed bean 'rabbitConnectionFactory': registering with JMX server as MBean [org.springframework.amqp.rabbit.connection:name=rabbitConnectionFactory,type=CachingConnectionFactory]
2018-10-08 10:50:36 [org.springframework.context.support.DefaultLifecycleProcessor$LifecycleGroup:341] - Starting beans in phase 2147483647
2018-10-08 10:50:36 [springfox.documentation.spring.web.plugins.DocumentationPluginsBootstrapper:120] - Context refreshed
2018-10-08 10:50:36 [springfox.documentation.spring.web.plugins.DocumentationPluginsBootstrapper:123] - Found 1 custom documentation plugin(s)
2018-10-08 10:50:36 [springfox.documentation.spring.web.scanners.ApiListingReferenceScanner:41] - Scanning for api listing references
2018-10-08 10:50:36 [springfox.documentation.spring.web.readers.operation.CachingOperationNameGenerator:40] - Generating unique operation named: listUsingGET_1
2018-10-08 10:50:36 [springfox.documentation.spring.web.readers.operation.CachingOperationNameGenerator:40] - Generating unique operation named: listHttpRequestUsingGET_1
2018-10-08 10:50:36 [org.springframework.amqp.rabbit.connection.AbstractConnectionFactory:365] - Attempting to connect to: [111.231.99.72:5672]
2018-10-08 10:50:36 [org.springframework.amqp.rabbit.connection.AbstractConnectionFactory:379] - Created new connection: rabbitConnectionFactory#54ffec37:0/SimpleConnection@3a9c821b [delegate=amqp://yucong@111.231.99.72:5672/, localPort= 55366]
2018-10-08 10:50:36 [org.springframework.amqp.rabbit.core.RabbitAdmin:566] - Auto-declaring a non-durable, auto-delete, or exclusive Queue (request) durable:false, auto-delete:false, exclusive:false. It will be redeclared if the broker stops and is restarted while the connection factory is alive, but all messages will be lost.
2018-10-08 10:50:36 [org.springframework.amqp.rabbit.core.RabbitAdmin:566] - Auto-declaring a non-durable, auto-delete, or exclusive Queue (exception) durable:false, auto-delete:false, exclusive:false. It will be redeclared if the broker stops and is restarted while the connection factory is alive, but all messages will be lost.
2018-10-08 10:50:36 [org.springframework.amqp.rabbit.core.RabbitAdmin:566] - Auto-declaring a non-durable, auto-delete, or exclusive Queue (abnormal) durable:false, auto-delete:false, exclusive:false. It will be redeclared if the broker stops and is restarted while the connection factory is alive, but all messages will be lost.
2018-10-08 10:50:36 [org.springframework.amqp.rabbit.core.RabbitAdmin:566] - Auto-declaring a non-durable, auto-delete, or exclusive Queue (sms) durable:false, auto-delete:false, exclusive:false. It will be redeclared if the broker stops and is restarted while the connection factory is alive, but all messages will be lost.
2018-10-08 10:50:36 [org.apache.juli.logging.DirectJDKLog:180] - Starting ProtocolHandler ["http-nio-9002"]
2018-10-08 10:50:37 [org.apache.juli.logging.DirectJDKLog:180] - Using a shared selector for servlet write/read
2018-10-08 10:50:37 [org.springframework.boot.context.embedded.tomcat.TomcatEmbeddedServletContainer:216] - Tomcat started on port(s): 9002 (http)
2018-10-08 10:50:37 [org.springframework.boot.StartupInfoLogger:57] - Started Application in 4.914 seconds (JVM running for 5.987)
2018-10-08 10:50:38 [org.apache.juli.logging.DirectJDKLog:180] - Initializing Spring FrameworkServlet 'dispatcherServlet'
2018-10-08 10:50:38 [org.springframework.web.servlet.FrameworkServlet:489] - FrameworkServlet 'dispatcherServlet': initialization started
2018-10-08 10:50:38 [org.springframework.web.servlet.FrameworkServlet:508] - FrameworkServlet 'dispatcherServlet': initialization completed in 32 ms
2018-10-08 10:50:39 [com.yucong.log.controller.SmsSendLogController:35] - 分页查询服务异常日志:ListSmsSendLogDTO{"page":1,"size":10}
2018-10-08 10:50:39 [com.mongodb.diagnostics.logging.SLF4JLogger:71] - Opened connection [connectionId{localValue:2, serverValue:9}] to 111.231.99.72:27017
2018-10-08 10:50:42 [com.yucong.log.controller.HttpRequestLogController:39] - 分页查询请求日志:ListHttpRequestLogDTO{"clientIP":"","code":2,"deviceType":"","method":"","page":1,"requestUrl":"","size":10,"userId":""}
2018-10-08 10:50:44 [com.yucong.log.controller.ServerExceptionLogController:35] - 分页查询服务异常日志:ListServerExceptionLogDTO{"clientIP":"","deviceType":"","method":"","page":1,"requestUrl":"","size":10,"userId":""}
2018-10-08 10:50:45 [com.yucong.log.controller.BusinessAbnormalLogController:37] - 分页查询业务异常日志:ListBusinessAbnormalLogDTO{"clientIP":"","deviceType":"","method":"","page":1,"requestUrl":"","size":10,"userId":""}
2018-10-08 10:50:46 [com.yucong.log.controller.HttpRequestLogController:39] - 分页查询请求日志:ListHttpRequestLogDTO{"clientIP":"","code":2,"deviceType":"","method":"","page":1,"requestUrl":"","size":10,"userId":""}
2018-10-08 10:53:00 [org.springframework.boot.admin.SpringApplicationAdminMXBeanRegistrar$SpringApplicationAdmin:125] - Application shutdown requested.
2018-10-08 10:53:00 [org.springframework.context.support.AbstractApplicationContext:984] - Closing org.springframework.boot.context.embedded.AnnotationConfigEmbeddedWebApplicationContext@5f8edcc5: startup date [Mon Oct 08 10:50:32 CST 2018]; root of context hierarchy
2018-10-08 10:53:00 [org.springframework.context.support.DefaultLifecycleProcessor$LifecycleGroup:356] - Stopping beans in phase 2147483647
2018-10-08 10:53:00 [org.springframework.amqp.rabbit.listener.SimpleMessageListenerContainer:937] - Waiting for workers to finish.
2018-10-08 10:53:00 [org.springframework.amqp.rabbit.listener.SimpleMessageListenerContainer:940] - Successfully waited for workers to finish.
2018-10-08 10:53:00 [org.springframework.amqp.rabbit.listener.SimpleMessageListenerContainer:937] - Waiting for workers to finish.
2018-10-08 10:53:00 [org.springframework.amqp.rabbit.listener.SimpleMessageListenerContainer:940] - Successfully waited for workers to finish.
2018-10-08 10:53:00 [org.springframework.amqp.rabbit.listener.SimpleMessageListenerContainer:937] - Waiting for workers to finish.
2018-10-08 10:53:00 [org.springframework.amqp.rabbit.listener.SimpleMessageListenerContainer:940] - Successfully waited for workers to finish.
2018-10-08 10:53:01 [org.springframework.amqp.rabbit.listener.SimpleMessageListenerContainer:937] - Waiting for workers to finish.
2018-10-08 10:53:01 [org.springframework.amqp.rabbit.listener.SimpleMessageListenerContainer:940] - Successfully waited for workers to finish.
2018-10-08 10:53:01 [org.springframework.amqp.rabbit.listener.AbstractMessageListenerContainer:552] - Shutdown ignored - container is not active already
2018-10-08 10:53:01 [org.springframework.amqp.rabbit.listener.AbstractMessageListenerContainer:552] - Shutdown ignored - container is not active already
2018-10-08 10:53:01 [org.springframework.amqp.rabbit.listener.AbstractMessageListenerContainer:552] - Shutdown ignored - container is not active already
2018-10-08 10:53:01 [org.springframework.amqp.rabbit.listener.AbstractMessageListenerContainer:552] - Shutdown ignored - container is not active already
2018-10-08 10:53:01 [org.springframework.jmx.export.MBeanExporter:449] - Unregistering JMX-exposed beans on shutdown
2018-10-08 10:53:01 [org.springframework.jmx.support.MBeanRegistrationSupport:241] - Unregistering JMX-exposed beans
2018-10-08 10:53:01 [com.mongodb.diagnostics.logging.SLF4JLogger:71] - Closed connection [connectionId{localValue:2, serverValue:9}] to 111.231.99.72:27017 because the pool has been closed.
2018-10-08 10:53:05 [org.springframework.boot.StartupInfoLogger:48] - Starting Application on DESKTOP-D777142 with PID 14748 (D:\workspace\workspace_git\log-manager\target\classes started by 1 in D:\workspace\workspace_git\log-manager)
2018-10-08 10:53:05 [org.springframework.boot.SpringApplication:597] - The following profiles are active: prod
2018-10-08 10:53:05 [org.springframework.context.support.AbstractApplicationContext:583] - Refreshing org.springframework.boot.context.embedded.AnnotationConfigEmbeddedWebApplicationContext@5f8edcc5: startup date [Mon Oct 08 10:53:05 CST 2018]; root of context hierarchy
2018-10-08 10:53:05 [org.hibernate.validator.internal.util.Version:30] - HV000001: Hibernate Validator 5.3.6.Final
2018-10-08 10:53:06 [org.springframework.context.support.PostProcessorRegistrationDelegate$BeanPostProcessorChecker:327] - Bean 'org.springframework.amqp.rabbit.annotation.RabbitBootstrapConfiguration' of type [org.springframework.amqp.rabbit.annotation.RabbitBootstrapConfiguration$$EnhancerBySpringCGLIB$$4c6f1dd3] is not eligible for getting processed by all BeanPostProcessors (for example: not eligible for auto-proxying)
2018-10-08 10:53:06 [org.springframework.boot.context.embedded.tomcat.TomcatEmbeddedServletContainer:92] - Tomcat initialized with port(s): 9002 (http)
2018-10-08 10:53:06 [org.apache.juli.logging.DirectJDKLog:180] - Initializing ProtocolHandler ["http-nio-9002"]
2018-10-08 10:53:06 [org.apache.juli.logging.DirectJDKLog:180] - Starting service [Tomcat]
2018-10-08 10:53:06 [org.apache.juli.logging.DirectJDKLog:180] - Starting Servlet Engine: Apache Tomcat/8.5.32
2018-10-08 10:53:07 [org.apache.juli.logging.DirectJDKLog:180] - Initializing Spring embedded WebApplicationContext
2018-10-08 10:53:07 [org.springframework.boot.context.embedded.EmbeddedWebApplicationContext:276] - Root WebApplicationContext: initialization completed in 1547 ms
2018-10-08 10:53:07 [org.springframework.boot.web.servlet.ServletRegistrationBean:191] - Mapping servlet: 'dispatcherServlet' to [/]
2018-10-08 10:53:07 [org.springframework.boot.web.servlet.AbstractFilterRegistrationBean:259] - Mapping filter: 'characterEncodingFilter' to: [/*]
2018-10-08 10:53:07 [org.springframework.boot.web.servlet.AbstractFilterRegistrationBean:272] - Mapping filter: 'bodyFilter' to urls: [/*]
2018-10-08 10:53:07 [com.yucong.log.interceptor.CorsFilter:21] - CorsFilter初始化了
2018-10-08 10:53:08 [com.mongodb.diagnostics.logging.SLF4JLogger:71] - Cluster created with settings {hosts=[111.231.99.72:27017], mode=SINGLE, requiredClusterType=UNKNOWN, serverSelectionTimeout='30000 ms', maxWaitQueueSize=500}
2018-10-08 10:53:08 [com.mongodb.diagnostics.logging.SLF4JLogger:71] - Opened connection [connectionId{localValue:1, serverValue:10}] to 111.231.99.72:27017
2018-10-08 10:53:08 [com.mongodb.diagnostics.logging.SLF4JLogger:71] - Monitor thread successfully connected to server with description ServerDescription{address=111.231.99.72:27017, type=STANDALONE, state=CONNECTED, ok=true, version=ServerVersion{versionList=[3, 6, 0]}, minWireVersion=0, maxWireVersion=6, maxDocumentSize=16777216, roundTripTimeNanos=8364556}
2018-10-08 10:53:08 [org.springframework.web.servlet.handler.AbstractHandlerMethodMapping$MappingRegistry:543] - Mapped "{[/businessAbnormalLog/list],methods=[GET]}" onto public com.yucong.log.vo.common.CommonVO<com.yucong.log.vo.common.DataTableVO<com.bm.common.log.model.BusinessAbnormalLog>> com.yucong.log.controller.BusinessAbnormalLogController.list(com.yucong.log.dto.ListBusinessAbnormalLogDTO)
2018-10-08 10:53:08 [org.springframework.web.servlet.handler.AbstractHandlerMethodMapping$MappingRegistry:543] - Mapped "{[/httpRequestLog/list],methods=[GET]}" onto public com.yucong.log.vo.common.CommonVO<com.yucong.log.vo.common.DataTableVO<com.bm.common.log.model.HttpRequestLog>> com.yucong.log.controller.HttpRequestLogController.list(com.yucong.log.dto.ListHttpRequestLogDTO)
2018-10-08 10:53:08 [org.springframework.web.servlet.handler.AbstractHandlerMethodMapping$MappingRegistry:543] - Mapped "{[/menu/list],methods=[GET]}" onto public com.yucong.log.vo.common.CommonVO<java.util.List<com.yucong.log.vo.MenuVO>> com.yucong.log.controller.MenuController.listMyMenu()
2018-10-08 10:53:08 [org.springframework.web.servlet.handler.AbstractHandlerMethodMapping$MappingRegistry:543] - Mapped "{[/serverExceptionLog/list],methods=[GET]}" onto public com.yucong.log.vo.common.CommonVO<com.yucong.log.vo.common.DataTableVO<com.bm.common.log.model.ServerExceptionLog>> com.yucong.log.controller.ServerExceptionLogController.listHttpRequest(com.yucong.log.dto.ListServerExceptionLogDTO)
2018-10-08 10:53:08 [org.springframework.web.servlet.handler.AbstractHandlerMethodMapping$MappingRegistry:543] - Mapped "{[/smsSendLog/list],methods=[GET]}" onto public com.yucong.log.vo.common.CommonVO<com.yucong.log.vo.common.DataTableVO<com.bm.common.log.model.SmsSendLog>> com.yucong.log.controller.SmsSendLogController.listHttpRequest(com.yucong.log.dto.ListSmsSendLogDTO)
2018-10-08 10:53:08 [org.springframework.web.servlet.handler.AbstractHandlerMethodMapping$MappingRegistry:543] - Mapped "{[/v2/api-docs],methods=[GET],produces=[application/json || application/hal+json]}" onto public org.springframework.http.ResponseEntity<springfox.documentation.spring.web.json.Json> springfox.documentation.swagger2.web.Swagger2Controller.getDocumentation(java.lang.String,javax.servlet.http.HttpServletRequest)
2018-10-08 10:53:08 [org.springframework.web.servlet.handler.AbstractHandlerMethodMapping$MappingRegistry:543] - Mapped "{[/swagger-resources/configuration/security]}" onto org.springframework.http.ResponseEntity<springfox.documentation.swagger.web.SecurityConfiguration> springfox.documentation.swagger.web.ApiResourceController.securityConfiguration()
2018-10-08 10:53:08 [org.springframework.web.servlet.handler.AbstractHandlerMethodMapping$MappingRegistry:543] - Mapped "{[/swagger-resources/configuration/ui]}" onto org.springframework.http.ResponseEntity<springfox.documentation.swagger.web.UiConfiguration> springfox.documentation.swagger.web.ApiResourceController.uiConfiguration()
2018-10-08 10:53:08 [org.springframework.web.servlet.handler.AbstractHandlerMethodMapping$MappingRegistry:543] - Mapped "{[/swagger-resources]}" onto org.springframework.http.ResponseEntity<java.util.List<springfox.documentation.swagger.web.SwaggerResource>> springfox.documentation.swagger.web.ApiResourceController.swaggerResources()
2018-10-08 10:53:08 [org.springframework.web.servlet.handler.AbstractHandlerMethodMapping$MappingRegistry:543] - Mapped "{[/error]}" onto public org.springframework.http.ResponseEntity<java.util.Map<java.lang.String, java.lang.Object>> org.springframework.boot.autoconfigure.web.BasicErrorController.error(javax.servlet.http.HttpServletRequest)
2018-10-08 10:53:08 [org.springframework.web.servlet.handler.AbstractHandlerMethodMapping$MappingRegistry:543] - Mapped "{[/error],produces=[text/html]}" onto public org.springframework.web.servlet.ModelAndView org.springframework.boot.autoconfigure.web.BasicErrorController.errorHtml(javax.servlet.http.HttpServletRequest,javax.servlet.http.HttpServletResponse)
2018-10-08 10:53:08 [org.springframework.web.servlet.handler.AbstractUrlHandlerMapping:362] - Mapped URL path [/swagger-ui.html] onto handler of type [class org.springframework.web.servlet.resource.ResourceHttpRequestHandler]
2018-10-08 10:53:08 [org.springframework.web.servlet.handler.AbstractUrlHandlerMapping:362] - Mapped URL path [/webjars/**] onto handler of type [class org.springframework.web.servlet.resource.ResourceHttpRequestHandler]
2018-10-08 10:53:08 [org.springframework.web.servlet.handler.AbstractUrlHandlerMapping:362] - Mapped URL path [/**] onto handler of type [class org.springframework.web.servlet.resource.DefaultServletHttpRequestHandler]
2018-10-08 10:53:09 [org.springframework.web.servlet.mvc.method.annotation.RequestMappingHandlerAdapter:534] - Looking for @ControllerAdvice: org.springframework.boot.context.embedded.AnnotationConfigEmbeddedWebApplicationContext@5f8edcc5: startup date [Mon Oct 08 10:53:05 CST 2018]; root of context hierarchy
2018-10-08 10:53:09 [org.springframework.jmx.export.MBeanExporter:431] - Registering beans for JMX exposure on startup
2018-10-08 10:53:09 [org.springframework.jmx.export.MBeanExporter:918] - Bean with name 'rabbitConnectionFactory' has been autodetected for JMX exposure
2018-10-08 10:53:09 [org.springframework.jmx.export.MBeanExporter:679] - Located managed bean 'rabbitConnectionFactory': registering with JMX server as MBean [org.springframework.amqp.rabbit.connection:name=rabbitConnectionFactory,type=CachingConnectionFactory]
2018-10-08 10:53:09 [org.springframework.context.support.DefaultLifecycleProcessor$LifecycleGroup:341] - Starting beans in phase 2147483647
2018-10-08 10:53:09 [springfox.documentation.spring.web.plugins.DocumentationPluginsBootstrapper:120] - Context refreshed
2018-10-08 10:53:09 [springfox.documentation.spring.web.plugins.DocumentationPluginsBootstrapper:123] - Found 1 custom documentation plugin(s)
2018-10-08 10:53:09 [springfox.documentation.spring.web.scanners.ApiListingReferenceScanner:41] - Scanning for api listing references
2018-10-08 10:53:09 [springfox.documentation.spring.web.readers.operation.CachingOperationNameGenerator:40] - Generating unique operation named: listUsingGET_1
2018-10-08 10:53:09 [springfox.documentation.spring.web.readers.operation.CachingOperationNameGenerator:40] - Generating unique operation named: listHttpRequestUsingGET_1
2018-10-08 10:53:09 [org.springframework.amqp.rabbit.connection.AbstractConnectionFactory:365] - Attempting to connect to: [111.231.99.72:5672]
2018-10-08 10:53:09 [org.springframework.amqp.rabbit.connection.AbstractConnectionFactory:379] - Created new connection: rabbitConnectionFactory#62191212:0/SimpleConnection@6e335054 [delegate=amqp://yucong@111.231.99.72:5672/, localPort= 55568]
2018-10-08 10:53:09 [org.springframework.amqp.rabbit.core.RabbitAdmin:566] - Auto-declaring a non-durable, auto-delete, or exclusive Queue (request) durable:false, auto-delete:false, exclusive:false. It will be redeclared if the broker stops and is restarted while the connection factory is alive, but all messages will be lost.
2018-10-08 10:53:09 [org.springframework.amqp.rabbit.core.RabbitAdmin:566] - Auto-declaring a non-durable, auto-delete, or exclusive Queue (exception) durable:false, auto-delete:false, exclusive:false. It will be redeclared if the broker stops and is restarted while the connection factory is alive, but all messages will be lost.
2018-10-08 10:53:09 [org.springframework.amqp.rabbit.core.RabbitAdmin:566] - Auto-declaring a non-durable, auto-delete, or exclusive Queue (abnormal) durable:false, auto-delete:false, exclusive:false. It will be redeclared if the broker stops and is restarted while the connection factory is alive, but all messages will be lost.
2018-10-08 10:53:09 [org.springframework.amqp.rabbit.core.RabbitAdmin:566] - Auto-declaring a non-durable, auto-delete, or exclusive Queue (sms) durable:false, auto-delete:false, exclusive:false. It will be redeclared if the broker stops and is restarted while the connection factory is alive, but all messages will be lost.
2018-10-08 10:53:10 [org.apache.juli.logging.DirectJDKLog:180] - Starting ProtocolHandler ["http-nio-9002"]
2018-10-08 10:53:10 [org.apache.juli.logging.DirectJDKLog:180] - Using a shared selector for servlet write/read
2018-10-08 10:53:10 [org.springframework.boot.context.embedded.tomcat.TomcatEmbeddedServletContainer:216] - Tomcat started on port(s): 9002 (http)
2018-10-08 10:53:10 [org.springframework.boot.StartupInfoLogger:57] - Started Application in 4.889 seconds (JVM running for 5.971)
2018-10-08 10:53:21 [org.springframework.boot.admin.SpringApplicationAdminMXBeanRegistrar$SpringApplicationAdmin:125] - Application shutdown requested.
2018-10-08 10:53:21 [org.springframework.context.support.AbstractApplicationContext:984] - Closing org.springframework.boot.context.embedded.AnnotationConfigEmbeddedWebApplicationContext@5f8edcc5: startup date [Mon Oct 08 10:53:05 CST 2018]; root of context hierarchy
2018-10-08 10:53:21 [org.springframework.context.support.DefaultLifecycleProcessor$LifecycleGroup:356] - Stopping beans in phase 2147483647
2018-10-08 10:53:21 [org.springframework.amqp.rabbit.listener.SimpleMessageListenerContainer:937] - Waiting for workers to finish.
2018-10-08 10:53:21 [org.springframework.amqp.rabbit.listener.SimpleMessageListenerContainer:940] - Successfully waited for workers to finish.
2018-10-08 10:53:22 [org.springframework.amqp.rabbit.listener.SimpleMessageListenerContainer:937] - Waiting for workers to finish.
2018-10-08 10:53:22 [org.springframework.amqp.rabbit.listener.SimpleMessageListenerContainer:940] - Successfully waited for workers to finish.
2018-10-08 10:53:22 [org.springframework.amqp.rabbit.listener.SimpleMessageListenerContainer:937] - Waiting for workers to finish.
2018-10-08 10:53:22 [org.springframework.amqp.rabbit.listener.SimpleMessageListenerContainer:940] - Successfully waited for workers to finish.
2018-10-08 10:53:22 [org.springframework.amqp.rabbit.listener.SimpleMessageListenerContainer:937] - Waiting for workers to finish.
2018-10-08 10:53:22 [org.springframework.amqp.rabbit.listener.SimpleMessageListenerContainer:940] - Successfully waited for workers to finish.
2018-10-08 10:53:22 [org.springframework.amqp.rabbit.listener.AbstractMessageListenerContainer:552] - Shutdown ignored - container is not active already
2018-10-08 10:53:22 [org.springframework.amqp.rabbit.listener.AbstractMessageListenerContainer:552] - Shutdown ignored - container is not active already
2018-10-08 10:53:22 [org.springframework.amqp.rabbit.listener.AbstractMessageListenerContainer:552] - Shutdown ignored - container is not active already
2018-10-08 10:53:22 [org.springframework.amqp.rabbit.listener.AbstractMessageListenerContainer:552] - Shutdown ignored - container is not active already
2018-10-08 10:53:22 [org.springframework.jmx.export.MBeanExporter:449] - Unregistering JMX-exposed beans on shutdown
2018-10-08 10:53:22 [org.springframework.jmx.support.MBeanRegistrationSupport:241] - Unregistering JMX-exposed beans
